  Using bundled DotNet SDK
  Log file: C:\Users\danif\AppData\Local\UnrealBuildTool\Log.txt
  Using 'git status' to determine working set for adaptive non-unity build (D:\Documentos\TheCoreSchool\PI3\Project\cowerdefense).
  Creating makefile for CowerDefensePREditor (no existing makefile)
  Parsing headers for CowerDefensePREditor
    Running UnrealHeaderTool "D:\Documentos\TheCoreSchool\PI3\Project\cowerdefense\CowerDefensePR\CowerDefensePR.uproject" "D:\Documentos\TheCoreSchool\PI3\Project\cowerdefense\CowerDefensePR\Intermediate\Build\Win64\CowerDefensePREditor\Development\CowerDefensePREditor.uhtmanifest" -LogCmds="loginit warning, logexit warning, logdatabase error" -Unattended -WarningsAsErrors -abslog="C:\Users\danif\AppData\Local\UnrealBuildTool\Log_UHT.txt" -installed
  Reflection code generated for CowerDefensePREditor in 2,7292267 seconds
  Building CowerDefensePREditor...
  Using Visual Studio 2019 14.29.30148 toolchain (C:\Program Files (x86)\Microsoft Visual Studio\2019\Community\VC\Tools\MSVC\14.29.30133) and Windows 10.0.19041.0 SDK (C:\Program Files (x86)\Windows Kits\10).
  Determining max actions to execute in parallel (6 physical cores, 12 logical cores)
    Executing up to 6 processes, one per physical core
  Building 9 actions with 6 processes...
  [1/9] Resource Default.rc2
  [2/9] Compile SharedPCH.Engine.ShadowErrors.cpp
  [3/9] Compile CowerDefensePR.init.gen.cpp
  [4/9] Compile CowerDefensePR.cpp
  [5/9] Compile CowerDefensePRGameModeBase.gen.cpp
  [6/9] Compile CowerDefensePRGameModeBase.cpp
  [7/9] Link UnrealEditor-CowerDefensePR.lib
     Creating library D:\Documentos\TheCoreSchool\PI3\Project\cowerdefense\CowerDefensePR\Intermediate\Build\Win64\UnrealEditor\Development\CowerDefensePR\UnrealEditor-CowerDefensePR.lib and object D:\Documentos\TheCoreSchool\PI3\Project\cowerdefense\CowerDefensePR\Intermediate\Build\Win64\UnrealEditor\Development\CowerDefensePR\UnrealEditor-CowerDefensePR.exp
  [8/9] Link UnrealEditor-CowerDefensePR.dll
     Creating library D:\Documentos\TheCoreSchool\PI3\Project\cowerdefense\CowerDefensePR\Intermediate\Build\Win64\UnrealEditor\Development\CowerDefensePR\UnrealEditor-CowerDefensePR.suppressed.lib and object D:\Documentos\TheCoreSchool\PI3\Project\cowerdefense\CowerDefensePR\Intermediate\Build\Win64\UnrealEditor\Development\CowerDefensePR\UnrealEditor-CowerDefensePR.suppressed.exp
  [9/9] WriteMetadata CowerDefensePREditor.target
  Total time in Parallel executor: 44,40 seconds
  Total execution time: 63,77 seconds
